<?xml version="1.0" encoding="UTF-8"?>
<!-- Generated by org.testng.reporters.JUnitXMLReporter -->
<testsuite ignored="0" hostname="BHISHMA" failures="0" tests="2" name="Linux-firefoxtest" time="0.063" errors="0" timestamp="2025-07-08T14:53:06 IST">
  <testcase classname="testCases.TC001_AccountRegistrationTest" name="verify_account_registation" time="0.0">
    <skipped/>
  </testcase> <!-- verify_account_registation -->
  <testcase classname="testCases.TC002_LoginTest" name="verify_Login" time="0.0">
    <skipped/>
  </testcase> <!-- verify_Login -->
</testsuite> <!-- Linux-firefoxtest -->
