<?xml version="1.0" encoding="UTF-8"?>
<testsuite xmlns:xsi="http://www.w3.org/2001/XMLSchema-instance" xsi:noNamespaceSchemaLocation="https://maven.apache.org/surefire/maven-surefire-plugin/xsd/surefire-test-report.xsd" version="3.0.2" name="TestSuite" time="22.228" tests="2" errors="0" skipped="0" failures="0">
  <properties>
[...]
</properties>
  <testcase name="verify_account_registation" classname="testCases.TC001_AccountRegistrationTest" time="6.546">
    <system-out><![CDATA[2025-07-14T11:32:57.600603200Z main INFO Starting configuration XmlConfiguration[location=D:\BUGSPOTTER\BUGSPOTTER_JAVA_WORKSPACE\JAVA\SELENIUM\MySpeedCart_v.121\target\test-classes\log4j2.xml, lastModified=2025-06-20T08:09:20.055Z]...
2025-07-14T11:32:57.609882700Z main INFO Start watching for changes to D:\BUGSPOTTER\BUGSPOTTER_JAVA_WORKSPACE\JAVA\SELENIUM\MySpeedCart_v.121\target\test-classes\log4j2.xml every 0 seconds
2025-07-14T11:32:57.610886800Z main INFO Configuration XmlConfiguration[location=D:\BUGSPOTTER\BUGSPOTTER_JAVA_WORKSPACE\JAVA\SELENIUM\MySpeedCart_v.121\target\test-classes\log4j2.xml, lastModified=2025-06-20T08:09:20.055Z] started.
2025-07-14T11:32:57.617144300Z main INFO Stopping configuration org.apache.logging.log4j.core.config.DefaultConfiguration@2d1dee39...
2025-07-14T11:32:57.619142800Z main INFO Configuration org.apache.logging.log4j.core.config.DefaultConfiguration@2d1dee39 stopped.
17:03:03.598 [main] INFO  testCases.TC001_AccountRegistrationTest - ********* starting TC001_AccountRegistrationTest  *********
17:03:04.443 [main] INFO  testCases.TC001_AccountRegistrationTest - clicked on myAccount link
17:03:06.046 [main] INFO  testCases.TC001_AccountRegistrationTest - clicked Register link
17:03:06.049 [main] INFO  testCases.TC001_AccountRegistrationTest - Providing customer details......
17:03:08.068 [main] INFO  testCases.TC001_AccountRegistrationTest - validating expected massage......
17:03:10.115 [main] INFO  testCases.TC001_AccountRegistrationTest - Confirmation message: Your Account Has Been Created!
17:03:10.119 [main] INFO  testCases.TC001_AccountRegistrationTest - ********* finished TC001_AccountRegistrationTest  *********
]]></system-out>
    <system-err><![CDATA[SLF4J(W): No SLF4J providers were found.
SLF4J(W): Defaulting to no-operation (NOP) logger implementation
SLF4J(W): See https://www.slf4j.org/codes.html#noProviders for further details.
SLF4J(W): Class path contains SLF4J bindings targeting slf4j-api versions 1.7.x or earlier.
SLF4J(W): Ignoring binding found at [jar:file:/C:/Users/MSI/.m2/repository/org/apache/logging/log4j/log4j-slf4j-impl/2.24.3/log4j-slf4j-impl-2.24.3.jar!/org/slf4j/impl/StaticLoggerBinder.class]
SLF4J(W): See https://www.slf4j.org/codes.html#ignoredBindings for an explanation.
Jul 14, 2025 5:03:02 PM org.openqa.selenium.devtools.CdpVersionFinder findNearestMatch
WARNING: Unable to find CDP implementation matching 138
Jul 14, 2025 5:03:02 PM org.openqa.selenium.chromium.ChromiumDriver lambda$new$4
WARNING: Unable to find version of CDP to use for 138.0.7204.101. You may need to include a dependency on a specific version of the CDP using something similar to `org.seleniumhq.selenium:selenium-devtools-v86:4.29.0` where the version ("v86") matches the version of the chromium-based browser you're using and the version number of the artifact is the same as Selenium's.
]]></system-err>
  </testcase>
  <testcase name="verify_Login" classname="testCases.TC002_LoginTest" time="2.292">
    <system-out><![CDATA[17:03:13.225 [main] INFO  testCases.TC002_LoginTest - ********* starting TC002_LoginTest  *********
17:03:14.205 [main] INFO  testCases.TC002_LoginTest - ********* Providing Credentilas to Login   *********
17:03:15.517 [main] INFO  testCases.TC002_LoginTest - ********* Finished TC002_LoginTest  *********
]]></system-out>
    <system-err><![CDATA[Jul 14, 2025 5:03:12 PM org.openqa.selenium.devtools.CdpVersionFinder findNearestMatch
WARNING: Unable to find CDP implementation matching 138
Jul 14, 2025 5:03:12 PM org.openqa.selenium.chromium.ChromiumDriver lambda$new$4
WARNING: Unable to find version of CDP to use for 138.0.7204.101. You may need to include a dependency on a specific version of the CDP using something similar to `org.seleniumhq.selenium:selenium-devtools-v86:4.29.0` where the version ("v86") matches the version of the chromium-based browser you're using and the version number of the artifact is the same as Selenium's.
]]></system-err>
  </testcase>
</testsuite>