<?xml version="1.0" encoding="UTF-8"?>
<testng-results ignored="0" total="2" passed="2" failed="0" skipped="0">
  <reporter-output>
  </reporter-output>
  <suite started-at="2025-07-14T17:02:56 IST" name="Master Suite" finished-at="2025-07-14T17:03:15 IST" duration-ms="18870">
    <groups>
      <group name="Master">
        <method signature="TC001_AccountRegistrationTest.verify_account_registation()[pri:0, instance:testCases.TC001_AccountRegistrationTest@368f2016]" name="verify_account_registation" class="testCases.TC001_AccountRegistrationTest"/>
        <method signature="TC002_LoginTest.verify_Login()[pri:0, instance:testCases.TC002_LoginTest@1aafa419]" name="verify_Login" class="testCases.TC002_LoginTest"/>
      </group> <!-- Master -->
      <group name="Sanity">
        <method signature="TC002_LoginTest.verify_Login()[pri:0, instance:testCases.TC002_LoginTest@1aafa419]" name="verify_Login" class="testCases.TC002_LoginTest"/>
      </group> <!-- Sanity -->
      <group name="Regression">
        <method signature="TC001_AccountRegistrationTest.verify_account_registation()[pri:0, instance:testCases.TC001_AccountRegistrationTest@368f2016]" name="verify_account_registation" class="testCases.TC001_AccountRegistrationTest"/>
      </group> <!-- Regression -->
    </groups>
    <test started-at="2025-07-14T17:02:56 IST" name="Test" finished-at="2025-07-14T17:03:15 IST" duration-ms="18870">
      <class name="testCases.TC002_LoginTest">
        <test-method is-config="true" signature="setUp(java.lang.String,java.lang.String)[pri:0, instance:testCases.TC002_LoginTest@1aafa419]" started-at="2025-07-14T17:03:10 IST" name="setUp" finished-at="2025-07-14T17:03:13 IST" duration-ms="2819" status="PASS">
          <params>
            <param index="0">
              <value>
                <![CDATA[Windows]]>
              </value>
            </param>
            <param index="1">
              <value>
                <![CDATA[chrome]]>
              </value>
            </param>
          </params>
          <reporter-output>
          </reporter-output>
        </test-method> <!-- setUp -->
        <test-method signature="verify_Login()[pri:0, instance:testCases.TC002_LoginTest@1aafa419]" started-at="2025-07-14T17:03:13 IST" name="verify_Login" finished-at="2025-07-14T17:03:15 IST" duration-ms="2294" status="PASS">
          <reporter-output>
          </reporter-output>
        </test-method> <!-- verify_Login -->
        <test-method is-config="true" signature="tearDown()[pri:0, instance:testCases.TC002_LoginTest@1aafa419]" started-at="2025-07-14T17:03:15 IST" name="tearDown" finished-at="2025-07-14T17:03:15 IST" duration-ms="287" status="PASS">
          <reporter-output>
          </reporter-output>
        </test-method> <!-- tearDown -->
      </class> <!-- testCases.TC002_LoginTest -->
      <class name="testCases.TC001_AccountRegistrationTest">
        <test-method is-config="true" signature="setUp(java.lang.String,java.lang.String)[pri:0, instance:testCases.TC001_AccountRegistrationTest@368f2016]" started-at="2025-07-14T17:02:57 IST" name="setUp" finished-at="2025-07-14T17:03:03 IST" duration-ms="6442" status="PASS">
          <params>
            <param index="0">
              <value>
                <![CDATA[Windows]]>
              </value>
            </param>
            <param index="1">
              <value>
                <![CDATA[chrome]]>
              </value>
            </param>
          </params>
          <reporter-output>
          </reporter-output>
        </test-method> <!-- setUp -->
        <test-method signature="verify_account_registation()[pri:0, instance:testCases.TC001_AccountRegistrationTest@368f2016]" started-at="2025-07-14T17:03:03 IST" name="verify_account_registation" finished-at="2025-07-14T17:03:10 IST" duration-ms="6531" status="PASS">
          <reporter-output>
          </reporter-output>
        </test-method> <!-- verify_account_registation -->
        <test-method is-config="true" signature="tearDown()[pri:0, instance:testCases.TC001_AccountRegistrationTest@368f2016]" started-at="2025-07-14T17:03:10 IST" name="tearDown" finished-at="2025-07-14T17:03:10 IST" duration-ms="254" status="PASS">
          <reporter-output>
          </reporter-output>
        </test-method> <!-- tearDown -->
      </class> <!-- testCases.TC001_AccountRegistrationTest -->
    </test> <!-- Test -->
  </suite> <!-- Master Suite -->
</testng-results>
